{
  "RSpec": {
    "coverage": {
      "/Users/patrickoliver/Projects/Makers_Course/Bookmark Manager/Bookmark_day1/spec/bookmark_spec.rb": {
        "lines": [
          null,
          null,
          1,
          1,
          1,
          1,
          null,
          1,
          1,
          2,
          null,
          1,
          1,
          1,
          null,
          null,
          1,
          1,
          1,
          null,
          1,
          null,
          1,
          1,
          1,
          1,
          1,
          null,
          null,
          null,
          1,
          1,
          1,
          1,
          null,
          1,
          1,
          1,
          1,
          null,
          null,
          1,
          1,
          1,
          null,
          null,
          null,
          1,
          1,
          1,
          null,
          1,
          null,
          1,
          null,
          null,
          null,
          1,
          1,
          1,
          null,
          1,
          null,
          1,
          1,
          1,
          1,
          null,
          null,
          null,
          1,
          null,
          null,
          1,
          1,
          1,
          1,
          1,
          null,
          null,
          null
        ]
      },
      "/Users/patrickoliver/Projects/Makers_Course/Bookmark Manager/Bookmark_day1/spec/database_helpers.rb": {
        "lines": [
          null,
          null,
          1,
          null,
          1,
          3,
          null
        ]
      },
      "/Users/patrickoliver/Projects/Makers_Course/Bookmark Manager/Bookmark_day1/lib/bookmark_tag.rb": {
        "lines": [
          1,
          null,
          1,
          1,
          4,
          4,
          null,
          null,
          1,
          null,
          1,
          4,
          4,
          null,
          null
        ]
      },
      "/Users/patrickoliver/Projects/Makers_Course/Bookmark Manager/Bookmark_day1/spec/bookmark_tag_spec.rb": {
        "lines": [
          1,
          null,
          1,
          1,
          1,
          1,
          1,
          null,
          1,
          null,
          1,
          1,
          1,
          null,
          null,
          null
        ]
      },
      "/Users/patrickoliver/Projects/Makers_Course/Bookmark Manager/Bookmark_day1/spec/comment_spec.rb": {
        "lines": [
          null,
          null,
          1,
          1,
          1,
          null,
          1,
          1,
          1,
          1,
          1,
          null,
          1,
          null,
          1,
          1,
          1,
          1,
          null,
          null,
          null
        ]
      },
      "/Users/patrickoliver/Projects/Makers_Course/Bookmark Manager/Bookmark_day1/spec/database_connection_spec.rb": {
        "lines": [
          null,
          null,
          1,
          null,
          1,
          1,
          1,
          1,
          null,
          1,
          null,
          null,
          1,
          null,
          1,
          null,
          1,
          null,
          null,
          null,
          1,
          1,
          1,
          null,
          1,
          null,
          1,
          null,
          null,
          null
        ]
      },
      "/Users/patrickoliver/Projects/Makers_Course/Bookmark Manager/Bookmark_day1/spec/features/adding_and_viewing_comments_spec.rb": {
        "lines": [
          null,
          null,
          1,
          1,
          1,
          1,
          null,
          1,
          1,
          null,
          1,
          null,
          1,
          1,
          null,
          1,
          1,
          null,
          null,
          null
        ]
      },
      "/Users/patrickoliver/Projects/Makers_Course/Bookmark Manager/Bookmark_day1/spec/features/adding_bookmark_spec.rb": {
        "lines": [
          null,
          null,
          1,
          1,
          1,
          1,
          1,
          1,
          null,
          1,
          null,
          1,
          1,
          1,
          1,
          null,
          1,
          1,
          null,
          null
        ]
      },
      "/Users/patrickoliver/Projects/Makers_Course/Bookmark Manager/Bookmark_day1/spec/features/deleting_a_bookmark_spec.rb": {
        "lines": [
          null,
          null,
          1,
          1,
          1,
          1,
          1,
          null,
          1,
          null,
          1,
          1,
          null,
          null
        ]
      },
      "/Users/patrickoliver/Projects/Makers_Course/Bookmark Manager/Bookmark_day1/spec/features/tagging_bookmarks_spec.rb": {
        "lines": [
          1,
          1,
          1,
          1,
          null,
          1,
          1,
          null,
          1,
          null,
          1,
          1,
          null,
          1,
          1,
          null,
          null,
          null
        ]
      },
      "/Users/patrickoliver/Projects/Makers_Course/Bookmark Manager/Bookmark_day1/spec/features/updating_bookmark_spec.rb": {
        "lines": [
          null,
          null,
          1,
          1,
          1,
          1,
          1,
          null,
          1,
          1,
          null,
          1,
          1,
          1,
          null,
          1,
          1,
          1,
          null,
          null
        ]
      },
      "/Users/patrickoliver/Projects/Makers_Course/Bookmark Manager/Bookmark_day1/spec/features/viewing_bookmark_spec.rb": {
        "lines": [
          null,
          null,
          1,
          null,
          1,
          1,
          1,
          null,
          null,
          1,
          1,
          1,
          null,
          1,
          null,
          1,
          1,
          1,
          null,
          null
        ]
      },
      "/Users/patrickoliver/Projects/Makers_Course/Bookmark Manager/Bookmark_day1/spec/tag_spec.rb": {
        "lines": [
          1,
          1,
          1,
          null,
          1,
          1,
          1,
          1,
          null,
          1,
          null,
          1,
          1,
          1,
          null,
          null,
          null,
          1,
          1,
          1,
          1,
          1,
          1,
          1,
          null,
          1,
          1,
          null,
          1,
          1,
          1,
          1,
          null,
          null,
          null
        ]
      }
    },
    "timestamp": 1584036119
  }
}
